running egg_info
creating build/roboticpark_cyberattacks/roboticpark_cyberattacks.egg-info
writing build/roboticpark_cyberattacks/roboticpark_cyberattacks.egg-info/PKG-INFO
writing dependency_links to build/roboticpark_cyberattacks/roboticpark_cyberattacks.egg-info/dependency_links.txt
writing entry points to build/roboticpark_cyberattacks/roboticpark_cyberattacks.egg-info/entry_points.txt
writing requirements to build/roboticpark_cyberattacks/roboticpark_cyberattacks.egg-info/requires.txt
writing top-level names to build/roboticpark_cyberattacks/roboticpark_cyberattacks.egg-info/top_level.txt
writing manifest file 'build/roboticpark_cyberattacks/roboticpark_cyberattacks.egg-info/SOURCES.txt'
reading manifest file 'build/roboticpark_cyberattacks/roboticpark_cyberattacks.egg-info/SOURCES.txt'
adding license file 'LICENSE'
writing manifest file 'build/roboticpark_cyberattacks/roboticpark_cyberattacks.egg-info/SOURCES.txt'
running build
running build_py
creating /home/raul/roboticpark_ws/src/roboticpark_cyberattacks/build/roboticpark_cyberattacks/build
creating /home/raul/roboticpark_ws/src/roboticpark_cyberattacks/build/roboticpark_cyberattacks/build/lib
creating /home/raul/roboticpark_ws/src/roboticpark_cyberattacks/build/roboticpark_cyberattacks/build/lib/roboticpark_cyberattacks
copying roboticpark_cyberattacks/dosattack_scan.py -> /home/raul/roboticpark_ws/src/roboticpark_cyberattacks/build/roboticpark_cyberattacks/build/lib/roboticpark_cyberattacks
copying roboticpark_cyberattacks/__init__.py -> /home/raul/roboticpark_ws/src/roboticpark_cyberattacks/build/roboticpark_cyberattacks/build/lib/roboticpark_cyberattacks
copying roboticpark_cyberattacks/utils.py -> /home/raul/roboticpark_ws/src/roboticpark_cyberattacks/build/roboticpark_cyberattacks/build/lib/roboticpark_cyberattacks
copying roboticpark_cyberattacks/dosattack.py -> /home/raul/roboticpark_ws/src/roboticpark_cyberattacks/build/roboticpark_cyberattacks/build/lib/roboticpark_cyberattacks
copying roboticpark_cyberattacks/dosattack_utils.py -> /home/raul/roboticpark_ws/src/roboticpark_cyberattacks/build/roboticpark_cyberattacks/build/lib/roboticpark_cyberattacks
running install
running install_lib
creating /home/raul/roboticpark_ws/src/roboticpark_cyberattacks/install/roboticpark_cyberattacks/lib/python3.10/site-packages/roboticpark_cyberattacks
copying /home/raul/roboticpark_ws/src/roboticpark_cyberattacks/build/roboticpark_cyberattacks/build/lib/roboticpark_cyberattacks/dosattack_scan.py -> /home/raul/roboticpark_ws/src/roboticpark_cyberattacks/install/roboticpark_cyberattacks/lib/python3.10/site-packages/roboticpark_cyberattacks
copying /home/raul/roboticpark_ws/src/roboticpark_cyberattacks/build/roboticpark_cyberattacks/build/lib/roboticpark_cyberattacks/__init__.py -> /home/raul/roboticpark_ws/src/roboticpark_cyberattacks/install/roboticpark_cyberattacks/lib/python3.10/site-packages/roboticpark_cyberattacks
copying /home/raul/roboticpark_ws/src/roboticpark_cyberattacks/build/roboticpark_cyberattacks/build/lib/roboticpark_cyberattacks/utils.py -> /home/raul/roboticpark_ws/src/roboticpark_cyberattacks/install/roboticpark_cyberattacks/lib/python3.10/site-packages/roboticpark_cyberattacks
copying /home/raul/roboticpark_ws/src/roboticpark_cyberattacks/build/roboticpark_cyberattacks/build/lib/roboticpark_cyberattacks/dosattack.py -> /home/raul/roboticpark_ws/src/roboticpark_cyberattacks/install/roboticpark_cyberattacks/lib/python3.10/site-packages/roboticpark_cyberattacks
copying /home/raul/roboticpark_ws/src/roboticpark_cyberattacks/build/roboticpark_cyberattacks/build/lib/roboticpark_cyberattacks/dosattack_utils.py -> /home/raul/roboticpark_ws/src/roboticpark_cyberattacks/install/roboticpark_cyberattacks/lib/python3.10/site-packages/roboticpark_cyberattacks
byte-compiling /home/raul/roboticpark_ws/src/roboticpark_cyberattacks/install/roboticpark_cyberattacks/lib/python3.10/site-packages/roboticpark_cyberattacks/dosattack_scan.py to dosattack_scan.cpython-310.pyc
byte-compiling /home/raul/roboticpark_ws/src/roboticpark_cyberattacks/install/roboticpark_cyberattacks/lib/python3.10/site-packages/roboticpark_cyberattacks/__init__.py to __init__.cpython-310.pyc
byte-compiling /home/raul/roboticpark_ws/src/roboticpark_cyberattacks/install/roboticpark_cyberattacks/lib/python3.10/site-packages/roboticpark_cyberattacks/utils.py to utils.cpython-310.pyc
byte-compiling /home/raul/roboticpark_ws/src/roboticpark_cyberattacks/install/roboticpark_cyberattacks/lib/python3.10/site-packages/roboticpark_cyberattacks/dosattack.py to dosattack.cpython-310.pyc
byte-compiling /home/raul/roboticpark_ws/src/roboticpark_cyberattacks/install/roboticpark_cyberattacks/lib/python3.10/site-packages/roboticpark_cyberattacks/dosattack_utils.py to dosattack_utils.cpython-310.pyc
running install_data
creating /home/raul/roboticpark_ws/src/roboticpark_cyberattacks/install/roboticpark_cyberattacks/share/ament_index
creating /home/raul/roboticpark_ws/src/roboticpark_cyberattacks/install/roboticpark_cyberattacks/share/ament_index/resource_index
creating /home/raul/roboticpark_ws/src/roboticpark_cyberattacks/install/roboticpark_cyberattacks/share/ament_index/resource_index/packages
copying resource/roboticpark_cyberattacks -> /home/raul/roboticpark_ws/src/roboticpark_cyberattacks/install/roboticpark_cyberattacks/share/ament_index/resource_index/packages
copying package.xml -> /home/raul/roboticpark_ws/src/roboticpark_cyberattacks/install/roboticpark_cyberattacks/share/roboticpark_cyberattacks
creating /home/raul/roboticpark_ws/src/roboticpark_cyberattacks/install/roboticpark_cyberattacks/share/roboticpark_cyberattacks/launch
copying launch/dos_launch.py -> /home/raul/roboticpark_ws/src/roboticpark_cyberattacks/install/roboticpark_cyberattacks/share/roboticpark_cyberattacks/launch
running install_egg_info
Copying build/roboticpark_cyberattacks/roboticpark_cyberattacks.egg-info to /home/raul/roboticpark_ws/src/roboticpark_cyberattacks/install/roboticpark_cyberattacks/lib/python3.10/site-packages/roboticpark_cyberattacks-0.0.0-py3.10.egg-info
running install_scripts
Installing dosattack script to /home/raul/roboticpark_ws/src/roboticpark_cyberattacks/install/roboticpark_cyberattacks/lib/roboticpark_cyberattacks
writing list of installed files to '/home/raul/roboticpark_ws/src/roboticpark_cyberattacks/build/roboticpark_cyberattacks/install.log'
