[0.601s] Invoking command in '/home/raul/roboticpark_ws/src/roboticpark_cyberattacks': PYTHONPATH=/home/raul/roboticpark_ws/src/roboticpark_cyberattacks/build/roboticpark_cyberattacks/prefix_override:/usr/lib/python3/dist-packages/colcon_core/task/python/colcon_distutils_commands:/home/raul/roboticpark_ws/src/roboticpark_cyberattacks/install/roboticpark_cyberattacks/lib/python3.10/site-packages:${PYTHONPATH} /usr/bin/python3 -W ignore:setup.py install is deprecated setup.py egg_info --egg-base build/roboticpark_cyberattacks build --build-base /home/raul/roboticpark_ws/src/roboticpark_cyberattacks/build/roboticpark_cyberattacks/build install --record /home/raul/roboticpark_ws/src/roboticpark_cyberattacks/build/roboticpark_cyberattacks/install.log --single-version-externally-managed install_data
[0.834s] running egg_info
[0.834s] creating build/roboticpark_cyberattacks/roboticpark_cyberattacks.egg-info
[0.835s] writing build/roboticpark_cyberattacks/roboticpark_cyberattacks.egg-info/PKG-INFO
[0.835s] writing dependency_links to build/roboticpark_cyberattacks/roboticpark_cyberattacks.egg-info/dependency_links.txt
[0.835s] writing entry points to build/roboticpark_cyberattacks/roboticpark_cyberattacks.egg-info/entry_points.txt
[0.835s] writing requirements to build/roboticpark_cyberattacks/roboticpark_cyberattacks.egg-info/requires.txt
[0.835s] writing top-level names to build/roboticpark_cyberattacks/roboticpark_cyberattacks.egg-info/top_level.txt
[0.835s] writing manifest file 'build/roboticpark_cyberattacks/roboticpark_cyberattacks.egg-info/SOURCES.txt'
[0.837s] reading manifest file 'build/roboticpark_cyberattacks/roboticpark_cyberattacks.egg-info/SOURCES.txt'
[0.837s] adding license file 'LICENSE'
[0.838s] writing manifest file 'build/roboticpark_cyberattacks/roboticpark_cyberattacks.egg-info/SOURCES.txt'
[0.838s] running build
[0.838s] running build_py
[0.838s] creating /home/raul/roboticpark_ws/src/roboticpark_cyberattacks/build/roboticpark_cyberattacks/build
[0.838s] creating /home/raul/roboticpark_ws/src/roboticpark_cyberattacks/build/roboticpark_cyberattacks/build/lib
[0.838s] creating /home/raul/roboticpark_ws/src/roboticpark_cyberattacks/build/roboticpark_cyberattacks/build/lib/roboticpark_cyberattacks
[0.838s] copying roboticpark_cyberattacks/dosattack_scan.py -> /home/raul/roboticpark_ws/src/roboticpark_cyberattacks/build/roboticpark_cyberattacks/build/lib/roboticpark_cyberattacks
[0.839s] copying roboticpark_cyberattacks/__init__.py -> /home/raul/roboticpark_ws/src/roboticpark_cyberattacks/build/roboticpark_cyberattacks/build/lib/roboticpark_cyberattacks
[0.839s] copying roboticpark_cyberattacks/utils.py -> /home/raul/roboticpark_ws/src/roboticpark_cyberattacks/build/roboticpark_cyberattacks/build/lib/roboticpark_cyberattacks
[0.839s] copying roboticpark_cyberattacks/dosattack.py -> /home/raul/roboticpark_ws/src/roboticpark_cyberattacks/build/roboticpark_cyberattacks/build/lib/roboticpark_cyberattacks
[0.839s] copying roboticpark_cyberattacks/dosattack_utils.py -> /home/raul/roboticpark_ws/src/roboticpark_cyberattacks/build/roboticpark_cyberattacks/build/lib/roboticpark_cyberattacks
[0.839s] running install
[0.839s] running install_lib
[0.840s] creating /home/raul/roboticpark_ws/src/roboticpark_cyberattacks/install/roboticpark_cyberattacks/lib/python3.10/site-packages/roboticpark_cyberattacks
[0.840s] copying /home/raul/roboticpark_ws/src/roboticpark_cyberattacks/build/roboticpark_cyberattacks/build/lib/roboticpark_cyberattacks/dosattack_scan.py -> /home/raul/roboticpark_ws/src/roboticpark_cyberattacks/install/roboticpark_cyberattacks/lib/python3.10/site-packages/roboticpark_cyberattacks
[0.840s] copying /home/raul/roboticpark_ws/src/roboticpark_cyberattacks/build/roboticpark_cyberattacks/build/lib/roboticpark_cyberattacks/__init__.py -> /home/raul/roboticpark_ws/src/roboticpark_cyberattacks/install/roboticpark_cyberattacks/lib/python3.10/site-packages/roboticpark_cyberattacks
[0.840s] copying /home/raul/roboticpark_ws/src/roboticpark_cyberattacks/build/roboticpark_cyberattacks/build/lib/roboticpark_cyberattacks/utils.py -> /home/raul/roboticpark_ws/src/roboticpark_cyberattacks/install/roboticpark_cyberattacks/lib/python3.10/site-packages/roboticpark_cyberattacks
[0.841s] copying /home/raul/roboticpark_ws/src/roboticpark_cyberattacks/build/roboticpark_cyberattacks/build/lib/roboticpark_cyberattacks/dosattack.py -> /home/raul/roboticpark_ws/src/roboticpark_cyberattacks/install/roboticpark_cyberattacks/lib/python3.10/site-packages/roboticpark_cyberattacks
[0.841s] copying /home/raul/roboticpark_ws/src/roboticpark_cyberattacks/build/roboticpark_cyberattacks/build/lib/roboticpark_cyberattacks/dosattack_utils.py -> /home/raul/roboticpark_ws/src/roboticpark_cyberattacks/install/roboticpark_cyberattacks/lib/python3.10/site-packages/roboticpark_cyberattacks
[0.841s] byte-compiling /home/raul/roboticpark_ws/src/roboticpark_cyberattacks/install/roboticpark_cyberattacks/lib/python3.10/site-packages/roboticpark_cyberattacks/dosattack_scan.py to dosattack_scan.cpython-310.pyc
[0.842s] byte-compiling /home/raul/roboticpark_ws/src/roboticpark_cyberattacks/install/roboticpark_cyberattacks/lib/python3.10/site-packages/roboticpark_cyberattacks/__init__.py to __init__.cpython-310.pyc
[0.842s] byte-compiling /home/raul/roboticpark_ws/src/roboticpark_cyberattacks/install/roboticpark_cyberattacks/lib/python3.10/site-packages/roboticpark_cyberattacks/utils.py to utils.cpython-310.pyc
[0.843s] byte-compiling /home/raul/roboticpark_ws/src/roboticpark_cyberattacks/install/roboticpark_cyberattacks/lib/python3.10/site-packages/roboticpark_cyberattacks/dosattack.py to dosattack.cpython-310.pyc
[0.844s] byte-compiling /home/raul/roboticpark_ws/src/roboticpark_cyberattacks/install/roboticpark_cyberattacks/lib/python3.10/site-packages/roboticpark_cyberattacks/dosattack_utils.py to dosattack_utils.cpython-310.pyc
[0.845s] running install_data
[0.845s] creating /home/raul/roboticpark_ws/src/roboticpark_cyberattacks/install/roboticpark_cyberattacks/share/ament_index
[0.845s] creating /home/raul/roboticpark_ws/src/roboticpark_cyberattacks/install/roboticpark_cyberattacks/share/ament_index/resource_index
[0.845s] creating /home/raul/roboticpark_ws/src/roboticpark_cyberattacks/install/roboticpark_cyberattacks/share/ament_index/resource_index/packages
[0.845s] copying resource/roboticpark_cyberattacks -> /home/raul/roboticpark_ws/src/roboticpark_cyberattacks/install/roboticpark_cyberattacks/share/ament_index/resource_index/packages
[0.845s] copying package.xml -> /home/raul/roboticpark_ws/src/roboticpark_cyberattacks/install/roboticpark_cyberattacks/share/roboticpark_cyberattacks
[0.845s] creating /home/raul/roboticpark_ws/src/roboticpark_cyberattacks/install/roboticpark_cyberattacks/share/roboticpark_cyberattacks/launch
[0.846s] copying launch/dos_launch.py -> /home/raul/roboticpark_ws/src/roboticpark_cyberattacks/install/roboticpark_cyberattacks/share/roboticpark_cyberattacks/launch
[0.846s] running install_egg_info
[0.847s] Copying build/roboticpark_cyberattacks/roboticpark_cyberattacks.egg-info to /home/raul/roboticpark_ws/src/roboticpark_cyberattacks/install/roboticpark_cyberattacks/lib/python3.10/site-packages/roboticpark_cyberattacks-0.0.0-py3.10.egg-info
[0.848s] running install_scripts
[0.867s] Installing dosattack script to /home/raul/roboticpark_ws/src/roboticpark_cyberattacks/install/roboticpark_cyberattacks/lib/roboticpark_cyberattacks
[0.868s] writing list of installed files to '/home/raul/roboticpark_ws/src/roboticpark_cyberattacks/build/roboticpark_cyberattacks/install.log'
[0.887s] Invoked command in '/home/raul/roboticpark_ws/src/roboticpark_cyberattacks' returned '0': PYTHONPATH=/home/raul/roboticpark_ws/src/roboticpark_cyberattacks/build/roboticpark_cyberattacks/prefix_override:/usr/lib/python3/dist-packages/colcon_core/task/python/colcon_distutils_commands:/home/raul/roboticpark_ws/src/roboticpark_cyberattacks/install/roboticpark_cyberattacks/lib/python3.10/site-packages:${PYTHONPATH} /usr/bin/python3 -W ignore:setup.py install is deprecated setup.py egg_info --egg-base build/roboticpark_cyberattacks build --build-base /home/raul/roboticpark_ws/src/roboticpark_cyberattacks/build/roboticpark_cyberattacks/build install --record /home/raul/roboticpark_ws/src/roboticpark_cyberattacks/build/roboticpark_cyberattacks/install.log --single-version-externally-managed install_data
