/home/raul/roboticpark_ws/src/roboticpark_cyberattacks/install/roboticpark_cyberattacks/lib/python3.10/site-packages/roboticpark_cyberattacks/dosattack_scan.py
/home/raul/roboticpark_ws/src/roboticpark_cyberattacks/install/roboticpark_cyberattacks/lib/python3.10/site-packages/roboticpark_cyberattacks/__init__.py
/home/raul/roboticpark_ws/src/roboticpark_cyberattacks/install/roboticpark_cyberattacks/lib/python3.10/site-packages/roboticpark_cyberattacks/utils.py
/home/raul/roboticpark_ws/src/roboticpark_cyberattacks/install/roboticpark_cyberattacks/lib/python3.10/site-packages/roboticpark_cyberattacks/dosattack.py
/home/raul/roboticpark_ws/src/roboticpark_cyberattacks/install/roboticpark_cyberattacks/lib/python3.10/site-packages/roboticpark_cyberattacks/dosattack_utils.py
/home/raul/roboticpark_ws/src/roboticpark_cyberattacks/install/roboticpark_cyberattacks/lib/python3.10/site-packages/roboticpark_cyberattacks/__pycache__/dosattack_scan.cpython-310.pyc
/home/raul/roboticpark_ws/src/roboticpark_cyberattacks/install/roboticpark_cyberattacks/lib/python3.10/site-packages/roboticpark_cyberattacks/__pycache__/__init__.cpython-310.pyc
/home/raul/roboticpark_ws/src/roboticpark_cyberattacks/install/roboticpark_cyberattacks/lib/python3.10/site-packages/roboticpark_cyberattacks/__pycache__/utils.cpython-310.pyc
/home/raul/roboticpark_ws/src/roboticpark_cyberattacks/install/roboticpark_cyberattacks/lib/python3.10/site-packages/roboticpark_cyberattacks/__pycache__/dosattack.cpython-310.pyc
/home/raul/roboticpark_ws/src/roboticpark_cyberattacks/install/roboticpark_cyberattacks/lib/python3.10/site-packages/roboticpark_cyberattacks/__pycache__/dosattack_utils.cpython-310.pyc
/home/raul/roboticpark_ws/src/roboticpark_cyberattacks/install/roboticpark_cyberattacks/share/ament_index/resource_index/packages/roboticpark_cyberattacks
/home/raul/roboticpark_ws/src/roboticpark_cyberattacks/install/roboticpark_cyberattacks/share/roboticpark_cyberattacks/package.xml
/home/raul/roboticpark_ws/src/roboticpark_cyberattacks/install/roboticpark_cyberattacks/share/roboticpark_cyberattacks/launch/dos_launch.py
/home/raul/roboticpark_ws/src/roboticpark_cyberattacks/install/roboticpark_cyberattacks/lib/python3.10/site-packages/roboticpark_cyberattacks-0.0.0-py3.10.egg-info/SOURCES.txt
/home/raul/roboticpark_ws/src/roboticpark_cyberattacks/install/roboticpark_cyberattacks/lib/python3.10/site-packages/roboticpark_cyberattacks-0.0.0-py3.10.egg-info/zip-safe
/home/raul/roboticpark_ws/src/roboticpark_cyberattacks/install/roboticpark_cyberattacks/lib/python3.10/site-packages/roboticpark_cyberattacks-0.0.0-py3.10.egg-info/PKG-INFO
/home/raul/roboticpark_ws/src/roboticpark_cyberattacks/install/roboticpark_cyberattacks/lib/python3.10/site-packages/roboticpark_cyberattacks-0.0.0-py3.10.egg-info/entry_points.txt
/home/raul/roboticpark_ws/src/roboticpark_cyberattacks/install/roboticpark_cyberattacks/lib/python3.10/site-packages/roboticpark_cyberattacks-0.0.0-py3.10.egg-info/dependency_links.txt
/home/raul/roboticpark_ws/src/roboticpark_cyberattacks/install/roboticpark_cyberattacks/lib/python3.10/site-packages/roboticpark_cyberattacks-0.0.0-py3.10.egg-info/requires.txt
/home/raul/roboticpark_ws/src/roboticpark_cyberattacks/install/roboticpark_cyberattacks/lib/python3.10/site-packages/roboticpark_cyberattacks-0.0.0-py3.10.egg-info/top_level.txt
/home/raul/roboticpark_ws/src/roboticpark_cyberattacks/install/roboticpark_cyberattacks/lib/roboticpark_cyberattacks/dosattack
