[0.609s] Invoking command in '/home/raul/roboticpark_ws/src/roboticpark_cyberattacks': PYTHONPATH=/home/raul/roboticpark_ws/src/roboticpark_cyberattacks/build/roboticpark_cyberattacks/prefix_override:/usr/lib/python3/dist-packages/colcon_core/task/python/colcon_distutils_commands:/home/raul/roboticpark_ws/src/roboticpark_cyberattacks/install/roboticpark_cyberattacks/lib/python3.10/site-packages:${PYTHONPATH} /usr/bin/python3 -W ignore:setup.py install is deprecated setup.py egg_info --egg-base build/roboticpark_cyberattacks build --build-base /home/raul/roboticpark_ws/src/roboticpark_cyberattacks/build/roboticpark_cyberattacks/build install --record /home/raul/roboticpark_ws/src/roboticpark_cyberattacks/build/roboticpark_cyberattacks/install.log --single-version-externally-managed install_data
[0.846s] running egg_info
[0.847s] creating build/roboticpark_cyberattacks/roboticpark_cyberattacks.egg-info
[0.847s] writing build/roboticpark_cyberattacks/roboticpark_cyberattacks.egg-info/PKG-INFO
[0.848s] writing dependency_links to build/roboticpark_cyberattacks/roboticpark_cyberattacks.egg-info/dependency_links.txt
[0.848s] writing entry points to build/roboticpark_cyberattacks/roboticpark_cyberattacks.egg-info/entry_points.txt
[0.848s] writing requirements to build/roboticpark_cyberattacks/roboticpark_cyberattacks.egg-info/requires.txt
[0.848s] writing top-level names to build/roboticpark_cyberattacks/roboticpark_cyberattacks.egg-info/top_level.txt
[0.848s] writing manifest file 'build/roboticpark_cyberattacks/roboticpark_cyberattacks.egg-info/SOURCES.txt'
[0.849s] reading manifest file 'build/roboticpark_cyberattacks/roboticpark_cyberattacks.egg-info/SOURCES.txt'
[0.849s] adding license file 'LICENSE'
[0.850s] writing manifest file 'build/roboticpark_cyberattacks/roboticpark_cyberattacks.egg-info/SOURCES.txt'
[0.850s] running build
[0.850s] running build_py
[0.850s] creating /home/raul/roboticpark_ws/src/roboticpark_cyberattacks/build/roboticpark_cyberattacks/build
[0.850s] creating /home/raul/roboticpark_ws/src/roboticpark_cyberattacks/build/roboticpark_cyberattacks/build/lib
[0.850s] creating /home/raul/roboticpark_ws/src/roboticpark_cyberattacks/build/roboticpark_cyberattacks/build/lib/roboticpark_cyberattacks
[0.850s] copying roboticpark_cyberattacks/dosattack_scan.py -> /home/raul/roboticpark_ws/src/roboticpark_cyberattacks/build/roboticpark_cyberattacks/build/lib/roboticpark_cyberattacks
[0.851s] copying roboticpark_cyberattacks/__init__.py -> /home/raul/roboticpark_ws/src/roboticpark_cyberattacks/build/roboticpark_cyberattacks/build/lib/roboticpark_cyberattacks
[0.851s] copying roboticpark_cyberattacks/utils.py -> /home/raul/roboticpark_ws/src/roboticpark_cyberattacks/build/roboticpark_cyberattacks/build/lib/roboticpark_cyberattacks
[0.851s] copying roboticpark_cyberattacks/dosattack.py -> /home/raul/roboticpark_ws/src/roboticpark_cyberattacks/build/roboticpark_cyberattacks/build/lib/roboticpark_cyberattacks
[0.851s] copying roboticpark_cyberattacks/dosattack_utils.py -> /home/raul/roboticpark_ws/src/roboticpark_cyberattacks/build/roboticpark_cyberattacks/build/lib/roboticpark_cyberattacks
[0.851s] running install
[0.851s] running install_lib
[0.852s] creating /home/raul/roboticpark_ws/src/roboticpark_cyberattacks/install/roboticpark_cyberattacks/lib/python3.10/site-packages/roboticpark_cyberattacks
[0.852s] copying /home/raul/roboticpark_ws/src/roboticpark_cyberattacks/build/roboticpark_cyberattacks/build/lib/roboticpark_cyberattacks/dosattack_scan.py -> /home/raul/roboticpark_ws/src/roboticpark_cyberattacks/install/roboticpark_cyberattacks/lib/python3.10/site-packages/roboticpark_cyberattacks
[0.852s] copying /home/raul/roboticpark_ws/src/roboticpark_cyberattacks/build/roboticpark_cyberattacks/build/lib/roboticpark_cyberattacks/__init__.py -> /home/raul/roboticpark_ws/src/roboticpark_cyberattacks/install/roboticpark_cyberattacks/lib/python3.10/site-packages/roboticpark_cyberattacks
[0.852s] copying /home/raul/roboticpark_ws/src/roboticpark_cyberattacks/build/roboticpark_cyberattacks/build/lib/roboticpark_cyberattacks/utils.py -> /home/raul/roboticpark_ws/src/roboticpark_cyberattacks/install/roboticpark_cyberattacks/lib/python3.10/site-packages/roboticpark_cyberattacks
[0.852s] copying /home/raul/roboticpark_ws/src/roboticpark_cyberattacks/build/roboticpark_cyberattacks/build/lib/roboticpark_cyberattacks/dosattack.py -> /home/raul/roboticpark_ws/src/roboticpark_cyberattacks/install/roboticpark_cyberattacks/lib/python3.10/site-packages/roboticpark_cyberattacks
[0.852s] copying /home/raul/roboticpark_ws/src/roboticpark_cyberattacks/build/roboticpark_cyberattacks/build/lib/roboticpark_cyberattacks/dosattack_utils.py -> /home/raul/roboticpark_ws/src/roboticpark_cyberattacks/install/roboticpark_cyberattacks/lib/python3.10/site-packages/roboticpark_cyberattacks
[0.853s] byte-compiling /home/raul/roboticpark_ws/src/roboticpark_cyberattacks/install/roboticpark_cyberattacks/lib/python3.10/site-packages/roboticpark_cyberattacks/dosattack_scan.py to dosattack_scan.cpython-310.pyc
[0.853s] byte-compiling /home/raul/roboticpark_ws/src/roboticpark_cyberattacks/install/roboticpark_cyberattacks/lib/python3.10/site-packages/roboticpark_cyberattacks/__init__.py to __init__.cpython-310.pyc
[0.853s] byte-compiling /home/raul/roboticpark_ws/src/roboticpark_cyberattacks/install/roboticpark_cyberattacks/lib/python3.10/site-packages/roboticpark_cyberattacks/utils.py to utils.cpython-310.pyc
[0.853s] byte-compiling /home/raul/roboticpark_ws/src/roboticpark_cyberattacks/install/roboticpark_cyberattacks/lib/python3.10/site-packages/roboticpark_cyberattacks/dosattack.py to dosattack.cpython-310.pyc
[0.855s] byte-compiling /home/raul/roboticpark_ws/src/roboticpark_cyberattacks/install/roboticpark_cyberattacks/lib/python3.10/site-packages/roboticpark_cyberattacks/dosattack_utils.py to dosattack_utils.cpython-310.pyc
[0.855s] running install_data
[0.855s] creating /home/raul/roboticpark_ws/src/roboticpark_cyberattacks/install/roboticpark_cyberattacks/share/ament_index
[0.855s] creating /home/raul/roboticpark_ws/src/roboticpark_cyberattacks/install/roboticpark_cyberattacks/share/ament_index/resource_index
[0.856s] creating /home/raul/roboticpark_ws/src/roboticpark_cyberattacks/install/roboticpark_cyberattacks/share/ament_index/resource_index/packages
[0.856s] copying resource/roboticpark_cyberattacks -> /home/raul/roboticpark_ws/src/roboticpark_cyberattacks/install/roboticpark_cyberattacks/share/ament_index/resource_index/packages
[0.856s] copying package.xml -> /home/raul/roboticpark_ws/src/roboticpark_cyberattacks/install/roboticpark_cyberattacks/share/roboticpark_cyberattacks
[0.856s] creating /home/raul/roboticpark_ws/src/roboticpark_cyberattacks/install/roboticpark_cyberattacks/share/roboticpark_cyberattacks/launch
[0.856s] copying launch/dos_launch.py -> /home/raul/roboticpark_ws/src/roboticpark_cyberattacks/install/roboticpark_cyberattacks/share/roboticpark_cyberattacks/launch
[0.856s] running install_egg_info
[0.857s] Copying build/roboticpark_cyberattacks/roboticpark_cyberattacks.egg-info to /home/raul/roboticpark_ws/src/roboticpark_cyberattacks/install/roboticpark_cyberattacks/lib/python3.10/site-packages/roboticpark_cyberattacks-0.0.0-py3.10.egg-info
[0.858s] running install_scripts
[0.877s] Installing dosattack script to /home/raul/roboticpark_ws/src/roboticpark_cyberattacks/install/roboticpark_cyberattacks/lib/roboticpark_cyberattacks
[0.878s] writing list of installed files to '/home/raul/roboticpark_ws/src/roboticpark_cyberattacks/build/roboticpark_cyberattacks/install.log'
[0.899s] Invoked command in '/home/raul/roboticpark_ws/src/roboticpark_cyberattacks' returned '0': PYTHONPATH=/home/raul/roboticpark_ws/src/roboticpark_cyberattacks/build/roboticpark_cyberattacks/prefix_override:/usr/lib/python3/dist-packages/colcon_core/task/python/colcon_distutils_commands:/home/raul/roboticpark_ws/src/roboticpark_cyberattacks/install/roboticpark_cyberattacks/lib/python3.10/site-packages:${PYTHONPATH} /usr/bin/python3 -W ignore:setup.py install is deprecated setup.py egg_info --egg-base build/roboticpark_cyberattacks build --build-base /home/raul/roboticpark_ws/src/roboticpark_cyberattacks/build/roboticpark_cyberattacks/build install --record /home/raul/roboticpark_ws/src/roboticpark_cyberattacks/build/roboticpark_cyberattacks/install.log --single-version-externally-managed install_data
